<?xml version="1.0" encoding="UTF-8"?>
<!-- Generated by org.testng.reporters.JUnitXMLReporter -->
<testsuite hostname="DESKTOP-QEV1T8U" ignored="0" name="BankingApp Test" tests="2" failures="0" timestamp="08 Oct 2021 09:54:06 GMT" time="303.153" errors="0">
  <testcase name="loginTest" time="146.363" classname="com.testautomation.mobile.scripts.TC_LoginTest_001"/>
  <testcase name="addNewCustomer" time="156.232" classname="com.testautomation.mobile.scripts.TC_AddCustomerTest_003"/>
</testsuite> <!-- BankingApp Test -->
