<?xml version="1.0" encoding="UTF-8"?>
<testng-results skipped="0" failed="0" ignored="0" total="2" passed="2">
  <reporter-output>
  </reporter-output>
  <suite name="Suite" duration-ms="303153" started-at="2021-10-08T09:49:01Z" finished-at="2021-10-08T09:54:04Z">
    <groups>
    </groups>
    <test name="BankingApp Test" duration-ms="303153" started-at="2021-10-08T09:49:01Z" finished-at="2021-10-08T09:54:04Z">
      <class name="com.testautomation.mobile.scripts.TC_AddCustomerTest_003">
        <test-method status="PASS" signature="addNewCustomer()[pri:0, instance:com.testautomation.mobile.scripts.TC_AddCustomerTest_003@337d0578]" name="addNewCustomer" duration-ms="156232" started-at="2021-10-08T09:51:28Z" finished-at="2021-10-08T09:54:04Z">
          <reporter-output>
          </reporter-output>
        </test-method> <!-- addNewCustomer -->
      </class> <!-- com.testautomation.mobile.scripts.TC_AddCustomerTest_003 -->
      <class name="com.testautomation.mobile.scripts.TC_LoginTest_001">
        <test-method status="PASS" signature="loginTest()[pri:0, instance:com.testautomation.mobile.scripts.TC_LoginTest_001@7ca48474]" name="loginTest" duration-ms="146363" started-at="2021-10-08T09:49:02Z" finished-at="2021-10-08T09:51:28Z">
          <reporter-output>
          </reporter-output>
        </test-method> <!-- loginTest -->
      </class> <!-- com.testautomation.mobile.scripts.TC_LoginTest_001 -->
    </test> <!-- BankingApp Test -->
  </suite> <!-- Suite -->
</testng-results>
