<?xml version="1.0" encoding="UTF-8"?>
<testng-results skipped="0" failed="0" ignored="0" total="1" passed="1">
  <reporter-output>
  </reporter-output>
  <suite name="Suite" duration-ms="109919" started-at="2021-10-07T14:15:46 IST" finished-at="2021-10-07T14:17:36 IST">
    <groups>
    </groups>
    <test name="BankingApp Test" duration-ms="109919" started-at="2021-10-07T14:15:46 IST" finished-at="2021-10-07T14:17:36 IST">
      <class name="com.testautomation.mobile.scripts.TC_AddCustomerTest_003">
        <test-method status="PASS" signature="addNewCustomer()[pri:0, instance:com.testautomation.mobile.scripts.TC_AddCustomerTest_003@3891771e]" name="addNewCustomer" duration-ms="109764" started-at="2021-10-07T14:15:46 IST" finished-at="2021-10-07T14:17:36 IST">
          <reporter-output>
          </reporter-output>
        </test-method> <!-- addNewCustomer -->
      </class> <!-- com.testautomation.mobile.scripts.TC_AddCustomerTest_003 -->
    </test> <!-- BankingApp Test -->
  </suite> <!-- Suite -->
</testng-results>
